http://www.wisithailand.com//news-detail.php?id=1'
http://www.wisithailand.com//news-detail.php?id=1'
http://www.wisithailand.com//news-detail.php?id=1'
http://www.wisithailand.com//product-detail.php?id=1'
http://www.wisithailand.com//product-detail.php?id=1'
http://www.wisithailand.com//product-detail.php?id=1'
http://www.wisithailand.com//product-detail.php?id=1'
http://www.wisithailand.com//product-detail.php?id=1'
http://www.wisithailand.com//product-detail.php?id=1'
http://www.wisithailand.com//product-detail.php?id=1'
http://www.wisithailand.com//product-detail.php?id=1'
http://www.wisithailand.com/news-detail.php?id=1'
http://www.wisithailand.com/news-detail.php?id=1'
http://www.wisithailand.com/news-detail.php?id=1'
http://www.wisithailand.com/product-detail.php?id=1'
http://www.wisithailand.com/product-detail.php?id=1'
http://www.wisithailand.com/product-detail.php?id=1'
http://www.wisithailand.com/product-detail.php?id=1'
http://www.wisithailand.com/product-detail.php?id=1'
http://www.wisithailand.com/product-detail.php?id=1'
http://www.wisithailand.com/product-detail.php?id=1'
http://www.wisithailand.com/product-detail.php?id=1'
http://vnid.vn//catelogue.php?cid=1'
http://vnid.vn//catelogue.php?cid=1'
http://vnid.vn//catelogue.php?cid=1'
http://vnid.vn//catelogue.php?cid=1'
